Arguments: 
  C:\Program Files\nodejs\node.exe C:\Users\admin\AppData\Roaming\npm\node_modules\yarn\bin\yarn.js start

PATH: 
  C:\Program Files\Git\mingw64\bin;C:\Program Files\Git\usr\bin;C:\Users\admin\bin;C:\Windows\system32;C:\Windows;C:\Windows\System32\Wbem;C:\Windows\System32\WindowsPowerShell\v1.0;C:\Program Files\MySQL\MySQL Utilities 1.6;C:\Program Files\MongoDB\Server\3.4\bin;C:\Program Files\Microsoft SQL Server\130\Tools\Binn;C:\Program Files\Git\cmd;C:\Program Files\nodejs;C:\Go\bin;D:\Program Files\Microsoft VS Code\bin;D:\Program Files\Microsoft VS Code\bin;C:\Users\admin\AppData\Roaming\npm;C:\Users\admin\go\bin

Yarn version: 
  1.5.1

Node version: 
  8.11.4

Platform: 
  win32 x64

npm manifest: 
  {
    "name": "my-app",
    "version": "0.1.0",
    "private": true,
    "dependencies": {
      "autoprefixer": "7.1.6",
      "babel-core": "6.26.0",
      "babel-eslint": "7.2.3",
      "babel-jest": "20.0.3",
      "babel-loader": "7.1.2",
      "babel-plugin-transform-class-properties": "^6.24.1",
      "babel-plugin-transform-decorators-legacy": "^1.3.5",
      "babel-preset-env": "^1.6.1",
      "babel-preset-omi": "^0.1.1",
      "babel-runtime": "6.26.0",
      "case-sensitive-paths-webpack-plugin": "2.1.1",
      "chalk": "1.1.3",
      "css-loader": "0.28.7",
      "dotenv": "4.0.0",
      "dotenv-expand": "4.2.0",
      "eslint": "^4.18.2",
      "prettier": "^1.14.3",
      "eslint-config-prettier": "^3.1.0",
      "eslint-plugin-prettier": "^3.0.0",
      "eslint-loader": "1.9.0",
      "eslint-plugin-flowtype": "2.39.1",
      "eslint-plugin-import": "2.8.0",
      "eslint-plugin-jsx-a11y": "5.1.1",
      "extract-text-webpack-plugin": "3.0.2",
      "file-loader": "1.1.5",
      "fs-extra": "3.0.1",
      "html-webpack-plugin": "2.29.0",
      "jest": "20.0.4",
      "object-assign": "4.1.1",
      "omi": "latest",
      "postcss-flexbugs-fixes": "3.2.0",
      "postcss-loader": "2.0.8",
      "promise": "8.0.1",
      "raf": "3.4.0",
      "react-dev-utils": "^5.0.1",
      "resolve": "1.6.0",
      "style-loader": "0.19.0",
      "sw-precache-webpack-plugin": "0.11.4",
      "to-string-loader": "^1.1.5",
      "url-loader": "0.6.2",
      "webpack": "3.8.1",
      "webpack-dev-server": "2.9.4",
      "webpack-manifest-plugin": "1.3.2",
      "whatwg-fetch": "2.0.3",
      "node-sass": "^4.9.4",
      "sass-loader": "^7.1.0",
      "babel-plugin-transform-object-rest-spread": "^6.26.0",
      "less": "^3.8.1",
      "less-loader": "^4.1.0",
      "prop-types": "^15.6.2"
    },
    "scripts": {
      "start": "node scripts/start.js",
      "build": "node scripts/build.js",
      "fix": "eslint src --fix"
    },
    "jest": {
      "collectCoverageFrom": [
        "src/**/*.{js,jsx,mjs}"
      ],
      "setupFiles": [
        "<rootDir>/config/polyfills.js"
      ],
      "testMatch": [
        "<rootDir>/src/**/__tests__/**/*.{js,jsx,mjs}",
        "<rootDir>/src/**/?(*.)(spec|test).{js,jsx,mjs}"
      ],
      "testEnvironment": "node",
      "testURL": "http://localhost",
      "transform": {
        "^.+\\.(js|jsx|mjs)$": "<rootDir>/node_modules/babel-jest",
        "^.+\\.css$": "<rootDir>/config/jest/cssTransform.js",
        "^(?!.*\\.(js|jsx|mjs|css|json)$)": "<rootDir>/config/jest/fileTransform.js"
      },
      "transformIgnorePatterns": [
        "[/\\\\]node_modules[/\\\\].+\\.(js|jsx|mjs)$"
      ],
      "moduleNameMapper": {
        "^react-native$": "react-native-web"
      },
      "moduleFileExtensions": [
        "web.js",
        "js",
        "json",
        "web.jsx",
        "jsx",
        "node",
        "mjs"
      ]
    },
    "babel": {
      "presets": [
        "env",
        "omi"
      ],
      "plugins": [
        "transform-class-properties",
        "transform-decorators-legacy",
        "transform-object-rest-spread"
      ]
    },
    "prettier": {
      "singleQuote": true,
      "semi": false,
      "tabWidth": 2,
      "useTabs": false
    }
  }

yarn manifest: 
  No manifest

Lockfile: 
  No lockfile

Trace: 
  Error: Command failed.
  Exit code: 3221225786
  Command: C:\Windows\system32\cmd.exe
  Arguments: /d /s /c node scripts/start.js
  Directory: F:\www\omi\packages\omi-weui
  Output:
  
      at ProcessTermError.MessageError (C:\Users\admin\AppData\Roaming\npm\node_modules\yarn\lib\cli.js:186:110)
      at new ProcessTermError (C:\Users\admin\AppData\Roaming\npm\node_modules\yarn\lib\cli.js:226:113)
      at ChildProcess.<anonymous> (C:\Users\admin\AppData\Roaming\npm\node_modules\yarn\lib\cli.js:30281:17)
      at emitTwo (events.js:126:13)
      at ChildProcess.emit (events.js:214:7)
      at maybeClose (internal/child_process.js:925:16)
      at Process.ChildProcess._handle.onexit (internal/child_process.js:209:5)
