0 info it worked if it ends with ok
1 verbose cli [ 'C:\\Program Files\\nodejs\\node.exe',
1 verbose cli   'C:\\Program Files\\nodejs\\node_modules\\npm\\bin\\npm-cli.js',
1 verbose cli   'run',
1 verbose cli   'dist' ]
2 info using npm@3.10.10
3 info using node@v6.9.5
4 verbose run-script [ 'predist', 'dist', 'postdist' ]
5 info lifecycle omis@0.1.2~predist: omis@0.1.2
6 silly lifecycle omis@0.1.2~predist: no script for predist, continuing
7 info lifecycle omis@0.1.2~dist: omis@0.1.2
8 verbose lifecycle omis@0.1.2~dist: unsafe-perm in lifecycle true
9 verbose lifecycle omis@0.1.2~dist: PATH: C:\Program Files\nodejs\node_modules\npm\bin\node-gyp-bin;C:\Users\dntzhang\Omi\example\qq_nearby\node_modules\.bin;C:\Program Files (x86)\Intel\iCLS Client\;C:\Program Files\Intel\iCLS Client\;C:\WINDOWS\system32;C:\WINDOWS;C:\WINDOWS\System32\Wbem;C:\WINDOWS\System32\WindowsPowerShell\v1.0\;C:\Program Files\TortoiseGit\bin;C:\Program Files\nodejs\;C:\Users\dntzhang\AppData\Local\Microsoft\WindowsApps;C:\Users\dntzhang\AppData\Roaming\npm
10 verbose lifecycle omis@0.1.2~dist: CWD: C:\Users\dntzhang\Omi\example\qq_nearby
11 silly lifecycle omis@0.1.2~dist: Args: [ '/d /s /c', 'gulp' ]
12 silly lifecycle omis@0.1.2~dist: Returned: code: 3221225786  signal: null
13 info lifecycle omis@0.1.2~dist: Failed to exec dist script
14 verbose stack Error: omis@0.1.2 dist: `gulp`
14 verbose stack Exit status 3221225786
14 verbose stack     at EventEmitter.<anonymous> (C:\Program Files\nodejs\node_modules\npm\lib\utils\lifecycle.js:255:16)
14 verbose stack     at emitTwo (events.js:106:13)
14 verbose stack     at EventEmitter.emit (events.js:191:7)
14 verbose stack     at ChildProcess.<anonymous> (C:\Program Files\nodejs\node_modules\npm\lib\utils\spawn.js:40:14)
14 verbose stack     at emitTwo (events.js:106:13)
14 verbose stack     at ChildProcess.emit (events.js:191:7)
14 verbose stack     at maybeClose (internal/child_process.js:877:16)
14 verbose stack     at Process.ChildProcess._handle.onexit (internal/child_process.js:226:5)
15 verbose pkgid omis@0.1.2
16 verbose cwd C:\Users\dntzhang\Omi\example\qq_nearby
17 error Windows_NT 10.0.14393
18 error argv "C:\\Program Files\\nodejs\\node.exe" "C:\\Program Files\\nodejs\\node_modules\\npm\\bin\\npm-cli.js" "run" "dist"
19 error node v6.9.5
20 error npm  v3.10.10
21 error code ELIFECYCLE
22 error omis@0.1.2 dist: `gulp`
22 error Exit status 3221225786
23 error Failed at the omis@0.1.2 dist script 'gulp'.
23 error Make sure you have the latest version of node.js and npm installed.
23 error If you do, this is most likely a problem with the omis package,
23 error not with npm itself.
23 error Tell the author that this fails on your system:
23 error     gulp
23 error You can get information on how to open an issue for this project with:
23 error     npm bugs omis
23 error Or if that isn't available, you can get their info via:
23 error     npm owner ls omis
23 error There is likely additional logging output above.
24 verbose exit [ 1, true ]
